<?xml version="1.0" encoding="UTF-8"?>
<!-- Generated by org.testng.reporters.JUnitReportReporter -->
<testsuite hostname="Bamisho" name="cucumberOptions.TestRunner" tests="1" failures="0" timestamp="10 Oct 2019 13:00:44 GMT" time="0.079" errors="0">
  <testcase name="feature" time="0.079" classname="cucumberOptions.TestRunner"/>
</testsuite> <!-- cucumberOptions.TestRunner -->
